ERROR [AWT-EventQueue-0] 2020-04-01 22:48:38,443 repast.simphony.ui.plugin.editor.OptionsDialog - Error applying content in Options Dialog
repast.simphony.ui.plugin.editor.InvalidStateException: org.pietschy.wizard.InvalidStateException: Missing data source name. Each data source must be named.
	at repast.simphony.ui.plugin.editor.OptionsContentWizardStepAdapter.apply(OptionsContentWizardStepAdapter.java:41)
	at repast.simphony.ui.plugin.editor.OptionsDialog.apply(OptionsDialog.java:170)
	at repast.simphony.ui.plugin.editor.OptionsDialog$2.actionPerformed(OptionsDialog.java:118)
	at java.desktop/javax.swing.AbstractButton.fireActionPerformed(AbstractButton.java:1967)
	at java.desktop/javax.swing.AbstractButton$Handler.actionPerformed(AbstractButton.java:2308)
	at java.desktop/javax.swing.DefaultButtonModel.fireActionPerformed(DefaultButtonModel.java:405)
	at java.desktop/javax.swing.DefaultButtonModel.setPressed(DefaultButtonModel.java:262)
	at java.desktop/javax.swing.plaf.basic.BasicButtonListener.mouseReleased(BasicButtonListener.java:279)
	at java.desktop/java.awt.Component.processMouseEvent(Component.java:6632)
	at java.desktop/javax.swing.JComponent.processMouseEvent(JComponent.java:3342)
	at java.desktop/java.awt.Component.processEvent(Component.java:6397)
	at java.desktop/java.awt.Container.processEvent(Container.java:2263)
	at java.desktop/java.awt.Component.dispatchEventImpl(Component.java:5008)
	at java.desktop/java.awt.Container.dispatchEventImpl(Container.java:2321)
	at java.desktop/java.awt.Component.dispatchEvent(Component.java:4840)
	at java.desktop/java.awt.LightweightDispatcher.retargetMouseEvent(Container.java:4918)
	at java.desktop/java.awt.LightweightDispatcher.processMouseEvent(Container.java:4547)
	at java.desktop/java.awt.LightweightDispatcher.dispatchEvent(Container.java:4488)
	at java.desktop/java.awt.Container.dispatchEventImpl(Container.java:2307)
	at java.desktop/java.awt.Window.dispatchEventImpl(Window.java:2772)
	at java.desktop/java.awt.Component.dispatchEvent(Component.java:4840)
	at java.desktop/java.awt.EventQueue.dispatchEventImpl(EventQueue.java:772)
	at java.desktop/java.awt.EventQueue$4.run(EventQueue.java:721)
	at java.desktop/java.awt.EventQueue$4.run(EventQueue.java:715)
	at java.base/java.security.AccessController.doPrivileged(Native Method)
	at java.base/java.security.ProtectionDomain$JavaSecurityAccessImpl.doIntersectionPrivilege(ProtectionDomain.java:85)
	at java.base/java.security.ProtectionDomain$JavaSecurityAccessImpl.doIntersectionPrivilege(ProtectionDomain.java:95)
	at java.desktop/java.awt.EventQueue$5.run(EventQueue.java:745)
	at java.desktop/java.awt.EventQueue$5.run(EventQueue.java:743)
	at java.base/java.security.AccessController.doPrivileged(Native Method)
	at java.base/java.security.ProtectionDomain$JavaSecurityAccessImpl.doIntersectionPrivilege(ProtectionDomain.java:85)
	at java.desktop/java.awt.EventQueue.dispatchEvent(EventQueue.java:742)
	at java.desktop/java.awt.EventDispatchThread.pumpOneEventForFilters(EventDispatchThread.java:203)
	at java.desktop/java.awt.EventDispatchThread.pumpEventsForFilter(EventDispatchThread.java:124)
	at java.desktop/java.awt.EventDispatchThread.pumpEventsForFilter(EventDispatchThread.java:117)
	at java.desktop/java.awt.WaitDispatchSupport$2.run(WaitDispatchSupport.java:190)
	at java.desktop/java.awt.WaitDispatchSupport$4.run(WaitDispatchSupport.java:235)
	at java.desktop/java.awt.WaitDispatchSupport$4.run(WaitDispatchSupport.java:233)
	at java.base/java.security.AccessController.doPrivileged(Native Method)
	at java.desktop/java.awt.WaitDispatchSupport.enter(WaitDispatchSupport.java:233)
	at java.desktop/java.awt.Dialog.show(Dialog.java:1070)
	at java.desktop/java.awt.Component.show(Component.java:1716)
	at java.desktop/java.awt.Component.setVisible(Component.java:1663)
	at java.desktop/java.awt.Window.setVisible(Window.java:1031)
	at java.desktop/java.awt.Dialog.setVisible(Dialog.java:1005)
	at repast.simphony.ui.plugin.editor.OptionsDialog.showDialog(OptionsDialog.java:252)
	at repast.simphony.ui.plugin.editor.OptionsEditorDialog.display(OptionsEditorDialog.java:59)
	at repast.simphony.ui.tree.ScenarioTree.showDialog(ScenarioTree.java:251)
	at repast.simphony.ui.tree.ScenarioTree.access$1(ScenarioTree.java:242)
	at repast.simphony.ui.tree.ScenarioTree$EditAction.actionPerformed(ScenarioTree.java:225)
	at java.desktop/javax.swing.AbstractButton.fireActionPerformed(AbstractButton.java:1967)
	at java.desktop/javax.swing.AbstractButton$Handler.actionPerformed(AbstractButton.java:2308)
	at java.desktop/javax.swing.DefaultButtonModel.fireActionPerformed(DefaultButtonModel.java:405)
	at java.desktop/javax.swing.DefaultButtonModel.setPressed(DefaultButtonModel.java:262)
	at java.desktop/javax.swing.AbstractButton.doClick(AbstractButton.java:369)
	at com.jidesoft.plaf.vsnet.VsnetMenuItemUI.doClick(VsnetMenuItemUI.java:1395)
	at com.jidesoft.plaf.vsnet.VsnetMenuItemUI$MouseInputHandler.mouseReleased(VsnetMenuItemUI.java:1190)
	at java.desktop/java.awt.Component.processMouseEvent(Component.java:6632)
	at java.desktop/javax.swing.JComponent.processMouseEvent(JComponent.java:3342)
	at java.desktop/java.awt.Component.processEvent(Component.java:6397)
	at java.desktop/java.awt.Container.processEvent(Container.java:2263)
	at java.desktop/java.awt.Component.dispatchEventImpl(Component.java:5008)
	at java.desktop/java.awt.Container.dispatchEventImpl(Container.java:2321)
	at java.desktop/java.awt.Component.dispatchEvent(Component.java:4840)
	at java.desktop/java.awt.LightweightDispatcher.retargetMouseEvent(Container.java:4918)
	at java.desktop/java.awt.LightweightDispatcher.processMouseEvent(Container.java:4547)
	at java.desktop/java.awt.LightweightDispatcher.dispatchEvent(Container.java:4488)
	at java.desktop/java.awt.Container.dispatchEventImpl(Container.java:2307)
	at java.desktop/java.awt.Window.dispatchEventImpl(Window.java:2772)
	at java.desktop/java.awt.Component.dispatchEvent(Component.java:4840)
	at java.desktop/java.awt.EventQueue.dispatchEventImpl(EventQueue.java:772)
	at java.desktop/java.awt.EventQueue$4.run(EventQueue.java:721)
	at java.desktop/java.awt.EventQueue$4.run(EventQueue.java:715)
	at java.base/java.security.AccessController.doPrivileged(Native Method)
	at java.base/java.security.ProtectionDomain$JavaSecurityAccessImpl.doIntersectionPrivilege(ProtectionDomain.java:85)
	at java.base/java.security.ProtectionDomain$JavaSecurityAccessImpl.doIntersectionPrivilege(ProtectionDomain.java:95)
	at java.desktop/java.awt.EventQueue$5.run(EventQueue.java:745)
	at java.desktop/java.awt.EventQueue$5.run(EventQueue.java:743)
	at java.base/java.security.AccessController.doPrivileged(Native Method)
	at java.base/java.security.ProtectionDomain$JavaSecurityAccessImpl.doIntersectionPrivilege(ProtectionDomain.java:85)
	at java.desktop/java.awt.EventQueue.dispatchEvent(EventQueue.java:742)
	at java.desktop/java.awt.EventDispatchThread.pumpOneEventForFilters(EventDispatchThread.java:203)
	at java.desktop/java.awt.EventDispatchThread.pumpEventsForFilter(EventDispatchThread.java:124)
	at java.desktop/java.awt.EventDispatchThread.pumpEventsForHierarchy(EventDispatchThread.java:113)
	at java.desktop/java.awt.EventDispatchThread.pumpEvents(EventDispatchThread.java:109)
	at java.desktop/java.awt.EventDispatchThread.pumpEvents(EventDispatchThread.java:101)
	at java.desktop/java.awt.EventDispatchThread.run(EventDispatchThread.java:90)
Caused by: org.pietschy.wizard.InvalidStateException: Missing data source name. Each data source must be named.
	at repast.simphony.data2.wizard.AggMethodSourcePanel.apply(AggMethodSourcePanel.java:202)
	at repast.simphony.data2.wizard.AggregateSourceStep.applyState(AggregateSourceStep.java:68)
	at repast.simphony.ui.plugin.editor.OptionsContentWizardStepAdapter.apply(OptionsContentWizardStepAdapter.java:39)
	... 86 more
FATAL [Thread-5] 2020-04-02 20:00:36,307 repast.simphony.ui.GUIScheduleRunner - RunTimeException when running the schedule
Current tick (20.0)
java.lang.RuntimeException: java.lang.reflect.InvocationTargetException
	at repast.simphony.engine.schedule.DynamicTargetAction.execute(DynamicTargetAction.java:72)
	at repast.simphony.engine.controller.ScheduledMethodControllerAction$ScheduleMethodAllAction.execute(ScheduledMethodControllerAction.java:333)
	at repast.simphony.engine.schedule.DefaultAction.execute(DefaultAction.java:38)
	at repast.simphony.engine.schedule.ScheduleGroup.executeList(ScheduleGroup.java:205)
	at repast.simphony.engine.schedule.ScheduleGroup.execute(ScheduleGroup.java:231)
	at repast.simphony.engine.schedule.Schedule.execute(Schedule.java:352)
	at repast.simphony.ui.GUIScheduleRunner$ScheduleLoopRunnable.run(GUIScheduleRunner.java:52)
	at java.base/java.lang.Thread.run(Thread.java:834)
Caused by: java.lang.reflect.InvocationTargetException
	at social_Isolation_Simulator.Infected$$FastClassByCGLIB$$75da8b21.invoke(<generated>)
	at net.sf.cglib.reflect.FastMethod.invoke(FastMethod.java:53)
	at repast.simphony.engine.schedule.DynamicTargetAction.execute(DynamicTargetAction.java:69)
	... 7 more
Caused by: java.lang.NullPointerException
	at social_Isolation_Simulator.Infected.getNearestHospital(Infected.java:139)
	at social_Isolation_Simulator.Infected.go_to_hospital(Infected.java:110)
	at social_Isolation_Simulator.Infected.step(Infected.java:80)
	... 10 more
FATAL [Thread-6] 2020-04-02 20:00:41,190 repast.simphony.ui.GUIScheduleRunner - RunTimeException when running the schedule
Current tick (125.0)
java.lang.RuntimeException: java.lang.reflect.InvocationTargetException
	at repast.simphony.engine.schedule.DynamicTargetAction.execute(DynamicTargetAction.java:72)
	at repast.simphony.engine.controller.ScheduledMethodControllerAction$ScheduleMethodAllAction.execute(ScheduledMethodControllerAction.java:333)
	at repast.simphony.engine.schedule.DefaultAction.execute(DefaultAction.java:38)
	at repast.simphony.engine.schedule.ScheduleGroup.executeList(ScheduleGroup.java:205)
	at repast.simphony.engine.schedule.ScheduleGroup.execute(ScheduleGroup.java:231)
	at repast.simphony.engine.schedule.Schedule.execute(Schedule.java:352)
	at repast.simphony.ui.GUIScheduleRunner$ScheduleLoopRunnable.run(GUIScheduleRunner.java:52)
	at java.base/java.lang.Thread.run(Thread.java:834)
Caused by: java.lang.reflect.InvocationTargetException
	at social_Isolation_Simulator.Infected$$FastClassByCGLIB$$75da8b21.invoke(<generated>)
	at net.sf.cglib.reflect.FastMethod.invoke(FastMethod.java:53)
	at repast.simphony.engine.schedule.DynamicTargetAction.execute(DynamicTargetAction.java:69)
	... 7 more
Caused by: java.lang.NullPointerException
	at social_Isolation_Simulator.Infected.getNearestHospital(Infected.java:139)
	at social_Isolation_Simulator.Infected.go_to_hospital(Infected.java:110)
	at social_Isolation_Simulator.Infected.step(Infected.java:80)
	... 10 more
FATAL [Thread-7] 2020-04-02 20:03:20,042 repast.simphony.ui.GUIScheduleRunner - RunTimeException when running the schedule
Current tick (37.0)
java.lang.RuntimeException: java.lang.reflect.InvocationTargetException
	at repast.simphony.engine.schedule.DynamicTargetAction.execute(DynamicTargetAction.java:72)
	at repast.simphony.engine.controller.ScheduledMethodControllerAction$ScheduleMethodAllAction.execute(ScheduledMethodControllerAction.java:333)
	at repast.simphony.engine.schedule.DefaultAction.execute(DefaultAction.java:38)
	at repast.simphony.engine.schedule.ScheduleGroup.executeList(ScheduleGroup.java:205)
	at repast.simphony.engine.schedule.ScheduleGroup.execute(ScheduleGroup.java:231)
	at repast.simphony.engine.schedule.Schedule.execute(Schedule.java:352)
	at repast.simphony.ui.GUIScheduleRunner$ScheduleLoopRunnable.run(GUIScheduleRunner.java:52)
	at java.base/java.lang.Thread.run(Thread.java:834)
Caused by: java.lang.reflect.InvocationTargetException
	at social_Isolation_Simulator.Infected$$FastClassByCGLIB$$75da8b21.invoke(<generated>)
	at net.sf.cglib.reflect.FastMethod.invoke(FastMethod.java:53)
	at repast.simphony.engine.schedule.DynamicTargetAction.execute(DynamicTargetAction.java:69)
	... 7 more
Caused by: java.lang.NullPointerException
FATAL [Thread-2] 2020-04-02 20:08:05,180 repast.simphony.ui.GUIScheduleRunner - RunTimeException when running the schedule
Current tick (14.0)
java.lang.RuntimeException: java.lang.reflect.InvocationTargetException
	at repast.simphony.engine.schedule.DynamicTargetAction.execute(DynamicTargetAction.java:72)
	at repast.simphony.engine.controller.ScheduledMethodControllerAction$ScheduleMethodAllAction.execute(ScheduledMethodControllerAction.java:333)
	at repast.simphony.engine.schedule.DefaultAction.execute(DefaultAction.java:38)
	at repast.simphony.engine.schedule.ScheduleGroup.executeList(ScheduleGroup.java:205)
	at repast.simphony.engine.schedule.ScheduleGroup.execute(ScheduleGroup.java:231)
	at repast.simphony.engine.schedule.Schedule.execute(Schedule.java:352)
	at repast.simphony.ui.GUIScheduleRunner$ScheduleLoopRunnable.run(GUIScheduleRunner.java:52)
	at java.base/java.lang.Thread.run(Thread.java:834)
Caused by: java.lang.reflect.InvocationTargetException
	at social_Isolation_Simulator.Infected$$FastClassByCGLIB$$75da8b21.invoke(<generated>)
	at net.sf.cglib.reflect.FastMethod.invoke(FastMethod.java:53)
	at repast.simphony.engine.schedule.DynamicTargetAction.execute(DynamicTargetAction.java:69)
	... 7 more
Caused by: java.lang.NullPointerException
	at social_Isolation_Simulator.Infected.check_if_dead(Infected.java:207)
	at social_Isolation_Simulator.Infected.step(Infected.java:65)
	... 10 more
INFO  [AWT-EventQueue-0] 2020-04-02 20:12:47,478 repast.simphony.ui.widget.MovieMaker - Movie capture has started metaData=[STATUS]
INFO  [AWT-EventQueue-0] 2020-04-02 20:12:56,732 repast.simphony.ui.widget.MovieMaker - Movie capture has finished metaData=[STATUS]
INFO  [AWT-EventQueue-0] 2020-04-02 20:15:12,408 repast.simphony.ui.widget.MovieMaker - Movie capture has started metaData=[STATUS]
INFO  [AWT-EventQueue-0] 2020-04-02 20:15:17,212 repast.simphony.ui.widget.MovieMaker - Movie capture has finished metaData=[STATUS]
WARN  [Thread-10] 2020-04-02 20:19:30,902 repast.simphony.ui.GUIScheduleRunner - Caught InterruptedException when running simulation, unpausing.
java.lang.InterruptedException
	at java.base/java.lang.Object.wait(Native Method)
	at java.base/java.lang.Object.wait(Object.java:328)
	at repast.simphony.ui.GUIScheduleRunner.go(GUIScheduleRunner.java:137)
	at repast.simphony.ui.GUIScheduleRunner$ScheduleLoopRunnable.run(GUIScheduleRunner.java:48)
	at java.base/java.lang.Thread.run(Thread.java:834)
INFO  [AWT-EventQueue-0] 2020-04-02 20:25:01,127 repast.simphony.ui.widget.MovieMaker - Movie capture has started metaData=[STATUS]
INFO  [AWT-EventQueue-0] 2020-04-02 20:28:10,457 repast.simphony.ui.widget.MovieMaker - Movie capture has started metaData=[STATUS]
INFO  [AWT-EventQueue-0] 2020-04-02 20:28:23,346 repast.simphony.ui.widget.MovieMaker - Movie capture has finished metaData=[STATUS]
INFO  [AWT-EventQueue-0] 2020-04-02 20:34:54,846 repast.simphony.ui.widget.MovieMaker - Movie capture has started metaData=[STATUS]
INFO  [AWT-EventQueue-0] 2020-04-02 20:35:47,479 repast.simphony.ui.widget.MovieMaker - Movie capture has finished metaData=[STATUS]
